0 info it worked if it ends with ok
1 verbose cli [ '/usr/local/Cellar/node/6.1.0/bin/node',
1 verbose cli   '/Users/Lina/.npm-packages/bin/npm',
1 verbose cli   'install',
1 verbose cli   'bootstrap-icon' ]
2 info using npm@3.5.2
3 info using node@v6.1.0
4 silly loadCurrentTree Starting
5 silly install loadCurrentTree
6 silly install readLocalPackageData
7 silly fetchPackageMetaData bootstrap-icon
8 silly fetchNamedPackageData bootstrap-icon
9 silly mapToRegistry name bootstrap-icon
10 silly mapToRegistry using default registry
11 silly mapToRegistry registry https://registry.npmjs.org/
12 silly mapToRegistry uri https://registry.npmjs.org/bootstrap-icon
13 verbose request uri https://registry.npmjs.org/bootstrap-icon
14 verbose request no auth needed
15 info attempt registry request try #1 at 5:52:12 PM
16 verbose request id c81a154b16f1435f
17 http request GET https://registry.npmjs.org/bootstrap-icon
18 http 404 https://registry.npmjs.org/bootstrap-icon
19 verbose headers { date: 'Tue, 03 Mar 2020 00:52:13 GMT',
19 verbose headers   'content-type': 'application/json',
19 verbose headers   'content-length': '21',
19 verbose headers   connection: 'keep-alive',
19 verbose headers   'set-cookie': [ '__cfduid=db3d4cb34fd4da54de48726268dea4e951583196733; expires=Thu, 02-Apr-20 00:52:13 GMT; path=/; domain=.npmjs.org; HttpOnly; SameSite=Lax' ],
19 verbose headers   'cf-ray': '56df5f9daa1bf780-DEN',
19 verbose headers   vary: 'Accept-Encoding',
19 verbose headers   'cf-cache-status': 'MISS',
19 verbose headers   'expect-ct': 'max-age=604800, report-uri="https://report-uri.cloudflare.com/cdn-cgi/beacon/expect-ct"',
19 verbose headers   server: 'cloudflare' }
20 silly get cb [ 404,
20 silly get   { date: 'Tue, 03 Mar 2020 00:52:13 GMT',
20 silly get     'content-type': 'application/json',
20 silly get     'content-length': '21',
20 silly get     connection: 'keep-alive',
20 silly get     'set-cookie': [ '__cfduid=db3d4cb34fd4da54de48726268dea4e951583196733; expires=Thu, 02-Apr-20 00:52:13 GMT; path=/; domain=.npmjs.org; HttpOnly; SameSite=Lax' ],
20 silly get     'cf-ray': '56df5f9daa1bf780-DEN',
20 silly get     vary: 'Accept-Encoding',
20 silly get     'cf-cache-status': 'MISS',
20 silly get     'expect-ct': 'max-age=604800, report-uri="https://report-uri.cloudflare.com/cdn-cgi/beacon/expect-ct"',
20 silly get     server: 'cloudflare' } ]
21 silly fetchPackageMetaData Error: Not found : bootstrap-icon
21 silly fetchPackageMetaData     at makeError (/Users/Lina/.npm-packages/lib/node_modules/npm/node_modules/npm-registry-client/lib/request.js:264:12)
21 silly fetchPackageMetaData     at CachingRegistryClient.<anonymous> (/Users/Lina/.npm-packages/lib/node_modules/npm/node_modules/npm-registry-client/lib/request.js:252:14)
21 silly fetchPackageMetaData     at Request._callback (/Users/Lina/.npm-packages/lib/node_modules/npm/node_modules/npm-registry-client/lib/request.js:172:14)
21 silly fetchPackageMetaData     at Request.self.callback (/Users/Lina/.npm-packages/lib/node_modules/npm/node_modules/request/request.js:198:22)
21 silly fetchPackageMetaData     at emitTwo (events.js:106:13)
21 silly fetchPackageMetaData     at Request.emit (events.js:191:7)
21 silly fetchPackageMetaData     at Request.<anonymous> (/Users/Lina/.npm-packages/lib/node_modules/npm/node_modules/request/request.js:1082:10)
21 silly fetchPackageMetaData     at emitOne (events.js:101:20)
21 silly fetchPackageMetaData     at Request.emit (events.js:188:7)
21 silly fetchPackageMetaData     at IncomingMessage.<anonymous> (/Users/Lina/.npm-packages/lib/node_modules/npm/node_modules/request/request.js:1009:12)
21 silly fetchPackageMetaData  error for bootstrap-icon { Error: Not found : bootstrap-icon
21 silly fetchPackageMetaData     at makeError (/Users/Lina/.npm-packages/lib/node_modules/npm/node_modules/npm-registry-client/lib/request.js:264:12)
21 silly fetchPackageMetaData     at CachingRegistryClient.<anonymous> (/Users/Lina/.npm-packages/lib/node_modules/npm/node_modules/npm-registry-client/lib/request.js:252:14)
21 silly fetchPackageMetaData     at Request._callback (/Users/Lina/.npm-packages/lib/node_modules/npm/node_modules/npm-registry-client/lib/request.js:172:14)
21 silly fetchPackageMetaData     at Request.self.callback (/Users/Lina/.npm-packages/lib/node_modules/npm/node_modules/request/request.js:198:22)
21 silly fetchPackageMetaData     at emitTwo (events.js:106:13)
21 silly fetchPackageMetaData     at Request.emit (events.js:191:7)
21 silly fetchPackageMetaData     at Request.<anonymous> (/Users/Lina/.npm-packages/lib/node_modules/npm/node_modules/request/request.js:1082:10)
21 silly fetchPackageMetaData     at emitOne (events.js:101:20)
21 silly fetchPackageMetaData     at Request.emit (events.js:188:7)
21 silly fetchPackageMetaData     at IncomingMessage.<anonymous> (/Users/Lina/.npm-packages/lib/node_modules/npm/node_modules/request/request.js:1009:12) pkgid: 'bootstrap-icon', statusCode: 404, code: 'E404' }
22 silly rollbackFailedOptional Starting
23 silly rollbackFailedOptional Finishing
24 silly runTopLevelLifecycles Starting
25 silly runTopLevelLifecycles Finishing
26 silly install printInstalled
27 verbose stack Error: Not found : bootstrap-icon
27 verbose stack     at makeError (/Users/Lina/.npm-packages/lib/node_modules/npm/node_modules/npm-registry-client/lib/request.js:264:12)
27 verbose stack     at CachingRegistryClient.<anonymous> (/Users/Lina/.npm-packages/lib/node_modules/npm/node_modules/npm-registry-client/lib/request.js:252:14)
27 verbose stack     at Request._callback (/Users/Lina/.npm-packages/lib/node_modules/npm/node_modules/npm-registry-client/lib/request.js:172:14)
27 verbose stack     at Request.self.callback (/Users/Lina/.npm-packages/lib/node_modules/npm/node_modules/request/request.js:198:22)
27 verbose stack     at emitTwo (events.js:106:13)
27 verbose stack     at Request.emit (events.js:191:7)
27 verbose stack     at Request.<anonymous> (/Users/Lina/.npm-packages/lib/node_modules/npm/node_modules/request/request.js:1082:10)
27 verbose stack     at emitOne (events.js:101:20)
27 verbose stack     at Request.emit (events.js:188:7)
27 verbose stack     at IncomingMessage.<anonymous> (/Users/Lina/.npm-packages/lib/node_modules/npm/node_modules/request/request.js:1009:12)
28 verbose statusCode 404
29 verbose pkgid bootstrap-icon
30 verbose cwd /Users/Lina/DU_HomeWork
31 error Darwin 19.3.0
32 error argv "/usr/local/Cellar/node/6.1.0/bin/node" "/Users/Lina/.npm-packages/bin/npm" "install" "bootstrap-icon"
33 error node v6.1.0
34 error npm  v3.5.2
35 error code E404
36 error 404 Not found : bootstrap-icon
37 error 404
38 error 404 'bootstrap-icon' is not in the npm registry.
39 error 404 You should bug the author to publish it (or use the name yourself!)
40 error 404 Note that you can also install from a
41 error 404 tarball, folder, http url, or git url.
42 verbose exit [ 1, true ]
